<?xml version="1.0" encoding="UTF-8"?>
<!-- Generated by org.testng.reporters.JUnitReportReporter -->
<testsuite skipped="0" hostname="Abduls-MacBook-Air-2.local" name="com.orangehrm.test.loginpagetest" tests="1" failures="0" timestamp="2021-07-08T20:34:47 IST" time="8.878" errors="0">
  <testcase name="titletest" time="8.878" classname="com.orangehrm.test.loginpagetest"/>
  <system-out/>
</testsuite> <!-- com.orangehrm.test.loginpagetest -->
