<?xml version="1.0" encoding="UTF-8"?>
<!-- Generated by org.testng.reporters.JUnitReportReporter -->
<testsuite skipped="0" hostname="Abduls-MacBook-Air-2.local" name="com.orangehrm.test.quicklaunchpagetest" tests="1" failures="0" timestamp="2021-07-14T21:46:40 IST" time="18.775" errors="0">
  <testcase name="asgnlvtest" time="18.775" classname="com.orangehrm.test.quicklaunchpagetest"/>
  <system-out/>
</testsuite> <!-- com.orangehrm.test.quicklaunchpagetest -->
